Got config end = ''
e32:TCP connect to perforce:1666 failed.\nNo such host is known. \n
StatusCommand::Run()
fstat  "C:/Users/aidan.coxon/Desktop/Getting Home 0.56/ProjectSettings/AudioManager.asset" "C:/Users/aidan.coxon/Desktop/Getting Home 0.56/ProjectSettings/DynamicsManager.asset" "C:/Users/aidan.coxon/Desktop/Getting Home 0.56/ProjectSettings/EditorBuildSettings.asset" "C:/Users/aidan.coxon/Desktop/Getting Home 0.56/ProjectSettings/EditorSettings.asset" "C:/Users/aidan.coxon/Desktop/Getting Home 0.56/ProjectSettings/GraphicsSettings.asset" "C:/Users/aidan.coxon/Desktop/Getting Home 0.56/ProjectSettings/InputManager.asset" "C:/Users/aidan.coxon/Desktop/Getting Home 0.56/ProjectSettings/NavMeshAreas.asset" "C:/Users/aidan.coxon/Desktop/Getting Home 0.56/ProjectSettings/NetworkManager.asset" "C:/Users/aidan.coxon/Desktop/Getting Home 0.56/ProjectSettings/Physics2DSettings.asset" "C:/Users/aidan.coxon/Desktop/Getting Home 0.56/ProjectSettings/ProjectSettings.asset" "C:/Users/aidan.coxon/Desktop/Getting Home 0.56/ProjectSettings/ProjectVersion.txt" "C:/Users/aidan.coxon/Desktop/Getting Home 0.56/ProjectSettings/QualitySettings.asset" "C:/Users/aidan.coxon/Desktop/Getting Home 0.56/ProjectSettings/TagManager.asset" "C:/Users/aidan.coxon/Desktop/Getting Home 0.56/ProjectSettings/TimeManager.asset" "C:/Users/aidan.coxon/Desktop/Getting Home 0.56/ProjectSettings/UnityAdsSettings.asset" "C:/Users/aidan.coxon/Desktop/Getting Home 0.56/ProjectSettings/UnityAnalyticsManager.asset" 
e32:TCP connect to perforce:1666 failed.\nNo such host is known. \n
Got config end = ''
e32:TCP connect to perforce:1666 failed.\nNo such host is known. \n
StatusCommand::Run()
fstat  "C:/Users/aidan.coxon/Desktop/Getting Home 0.56/ProjectSettings/AudioManager.asset" "C:/Users/aidan.coxon/Desktop/Getting Home 0.56/ProjectSettings/DynamicsManager.asset" "C:/Users/aidan.coxon/Desktop/Getting Home 0.56/ProjectSettings/EditorBuildSettings.asset" "C:/Users/aidan.coxon/Desktop/Getting Home 0.56/ProjectSettings/EditorSettings.asset" "C:/Users/aidan.coxon/Desktop/Getting Home 0.56/ProjectSettings/GraphicsSettings.asset" "C:/Users/aidan.coxon/Desktop/Getting Home 0.56/ProjectSettings/InputManager.asset" "C:/Users/aidan.coxon/Desktop/Getting Home 0.56/ProjectSettings/NavMeshAreas.asset" "C:/Users/aidan.coxon/Desktop/Getting Home 0.56/ProjectSettings/NetworkManager.asset" "C:/Users/aidan.coxon/Desktop/Getting Home 0.56/ProjectSettings/Physics2DSettings.asset" "C:/Users/aidan.coxon/Desktop/Getting Home 0.56/ProjectSettings/ProjectSettings.asset" "C:/Users/aidan.coxon/Desktop/Getting Home 0.56/ProjectSettings/ProjectVersion.txt" "C:/Users/aidan.coxon/Desktop/Getting Home 0.56/ProjectSettings/QualitySettings.asset" "C:/Users/aidan.coxon/Desktop/Getting Home 0.56/ProjectSettings/TagManager.asset" "C:/Users/aidan.coxon/Desktop/Getting Home 0.56/ProjectSettings/TimeManager.asset" "C:/Users/aidan.coxon/Desktop/Getting Home 0.56/ProjectSettings/UnityAdsSettings.asset" "C:/Users/aidan.coxon/Desktop/Getting Home 0.56/ProjectSettings/UnityAnalyticsManager.asset" 
e32:TCP connect to perforce:1666 failed.\nNo such host is known. \n
Got config end = ''
e32:TCP connect to perforce:1666 failed.\nNo such host is known. \n
StatusCommand::Run()
fstat  "C:/Users/aidan.coxon/Desktop/Getting Home 0.57/ProjectSettings/AudioManager.asset" "C:/Users/aidan.coxon/Desktop/Getting Home 0.57/ProjectSettings/DynamicsManager.asset" "C:/Users/aidan.coxon/Desktop/Getting Home 0.57/ProjectSettings/EditorBuildSettings.asset" "C:/Users/aidan.coxon/Desktop/Getting Home 0.57/ProjectSettings/EditorSettings.asset" "C:/Users/aidan.coxon/Desktop/Getting Home 0.57/ProjectSettings/GraphicsSettings.asset" "C:/Users/aidan.coxon/Desktop/Getting Home 0.57/ProjectSettings/InputManager.asset" "C:/Users/aidan.coxon/Desktop/Getting Home 0.57/ProjectSettings/NavMeshAreas.asset" "C:/Users/aidan.coxon/Desktop/Getting Home 0.57/ProjectSettings/NetworkManager.asset" "C:/Users/aidan.coxon/Desktop/Getting Home 0.57/ProjectSettings/Physics2DSettings.asset" "C:/Users/aidan.coxon/Desktop/Getting Home 0.57/ProjectSettings/ProjectSettings.asset" "C:/Users/aidan.coxon/Desktop/Getting Home 0.57/ProjectSettings/ProjectVersion.txt" "C:/Users/aidan.coxon/Desktop/Getting Home 0.57/ProjectSettings/QualitySettings.asset" "C:/Users/aidan.coxon/Desktop/Getting Home 0.57/ProjectSettings/TagManager.asset" "C:/Users/aidan.coxon/Desktop/Getting Home 0.57/ProjectSettings/TimeManager.asset" "C:/Users/aidan.coxon/Desktop/Getting Home 0.57/ProjectSettings/UnityAdsSettings.asset" "C:/Users/aidan.coxon/Desktop/Getting Home 0.57/ProjectSettings/UnityAnalyticsManager.asset" 
e32:TCP connect to perforce:1666 failed.\nNo such host is known. \n
Got config end = ''
e32:TCP connect to perforce:1666 failed.\nNo such host is known. \n
StatusCommand::Run()
fstat  "D:/Work/Getting Home 0.57/ProjectSettings/AudioManager.asset" "D:/Work/Getting Home 0.57/ProjectSettings/DynamicsManager.asset" "D:/Work/Getting Home 0.57/ProjectSettings/EditorBuildSettings.asset" "D:/Work/Getting Home 0.57/ProjectSettings/EditorSettings.asset" "D:/Work/Getting Home 0.57/ProjectSettings/GraphicsSettings.asset" "D:/Work/Getting Home 0.57/ProjectSettings/InputManager.asset" "D:/Work/Getting Home 0.57/ProjectSettings/NavMeshAreas.asset" "D:/Work/Getting Home 0.57/ProjectSettings/NetworkManager.asset" "D:/Work/Getting Home 0.57/ProjectSettings/Physics2DSettings.asset" "D:/Work/Getting Home 0.57/ProjectSettings/ProjectSettings.asset" "D:/Work/Getting Home 0.57/ProjectSettings/ProjectVersion.txt" "D:/Work/Getting Home 0.57/ProjectSettings/QualitySettings.asset" "D:/Work/Getting Home 0.57/ProjectSettings/TagManager.asset" "D:/Work/Getting Home 0.57/ProjectSettings/TimeManager.asset" "D:/Work/Getting Home 0.57/ProjectSettings/UnityAdsSettings.asset" "D:/Work/Getting Home 0.57/ProjectSettings/UnityAnalyticsManager.asset" 
e32:TCP connect to perforce:1666 failed.\nNo such host is known. \n
Got config end = ''
e32:TCP connect to perforce:1666 failed.\nNo such host is known. \n
StatusCommand::Run()
fstat  "D:/Work/Getting Home 0.57/ProjectSettings/AudioManager.asset" "D:/Work/Getting Home 0.57/ProjectSettings/DynamicsManager.asset" "D:/Work/Getting Home 0.57/ProjectSettings/EditorBuildSettings.asset" "D:/Work/Getting Home 0.57/ProjectSettings/EditorSettings.asset" "D:/Work/Getting Home 0.57/ProjectSettings/GraphicsSettings.asset" "D:/Work/Getting Home 0.57/ProjectSettings/InputManager.asset" "D:/Work/Getting Home 0.57/ProjectSettings/NavMeshAreas.asset" "D:/Work/Getting Home 0.57/ProjectSettings/NetworkManager.asset" "D:/Work/Getting Home 0.57/ProjectSettings/Physics2DSettings.asset" "D:/Work/Getting Home 0.57/ProjectSettings/ProjectSettings.asset" "D:/Work/Getting Home 0.57/ProjectSettings/ProjectVersion.txt" "D:/Work/Getting Home 0.57/ProjectSettings/QualitySettings.asset" "D:/Work/Getting Home 0.57/ProjectSettings/TagManager.asset" "D:/Work/Getting Home 0.57/ProjectSettings/TimeManager.asset" "D:/Work/Getting Home 0.57/ProjectSettings/UnityAdsSettings.asset" "D:/Work/Getting Home 0.57/ProjectSettings/UnityAnalyticsManager.asset" 
e32:TCP connect to perforce:1666 failed.\nNo such host is known. \n
